started fraction 1 out of 1
reconstructuion 1486352.25
kl div 1.2217964818897378e+27
perceptual 0.10129410028457642
total 1.2217964818897378e+27
Epoch 5  Loss:1.2217964818897378e+27
reconstructuion 1326265.875
kl div 1.2217963343157852e+27
perceptual 0.1014816090464592
total 1.2217963343157852e+27
reconstructuion 1315383.25
kl div 1.2217963343157852e+27
perceptual 0.10150031745433807
total 1.2217963343157852e+27
reconstructuion 1302239.5
kl div 1.2217963343157852e+27
perceptual 0.10082662105560303
total 1.2217963343157852e+27
reconstructuion 1298484.375
kl div 1.2217963343157852e+27
perceptual 0.10069052875041962
total 1.2217963343157852e+27
Epoch 9  Loss:1.2217963343157852e+27
Completed training with loss: 1.2217963343157852e+27; Time: 6.186148722966512
done fraction 1 out of 1
