started fraction 0 out of 1
reconstructuion 313456.0
kl div 60135.2109375
perceptual 0.09719285368919373
total 373591.3125
Epoch 0  Loss:373591.3081303537
/orfeo/cephfs/home/dssc/acesa000/Street_View_Generator/environment/lib/python3.10/site-packages/torch/optim/lr_scheduler.py:156: UserWarning: The epoch parameter in `scheduler.step()` was not necessary and is being deprecated where possible. Please use `scheduler.step()` to step the scheduler. During the deprecation, if epoch is different from None, the closed form is used instead of the new chainable form, where available. Please open an issue if you are unable to replicate your use case: https://github.com/pytorch/pytorch/issues/new/choose.
  warnings.warn(EPOCH_DEPRECATION_WARNING, UserWarning)
/orfeo/cephfs/home/dssc/acesa000/Street_View_Generator/environment/lib/python3.10/site-packages/torch/optim/lr_scheduler.py:156: UserWarning: The epoch parameter in `scheduler.step()` was not necessary and is being deprecated where possible. Please use `scheduler.step()` to step the scheduler. During the deprecation, if epoch is different from None, the closed form is used instead of the new chainable form, where available. Please open an issue if you are unable to replicate your use case: https://github.com/pytorch/pytorch/issues/new/choose.
  warnings.warn(EPOCH_DEPRECATION_WARNING, UserWarning)
reconstructuion 358872.6875
kl div 42342.9375
perceptual 0.09816034138202667
total 401215.71875
reconstructuion 314325.25
kl div 36149.0
perceptual 0.0966077595949173
total 350474.34375
reconstructuion 313623.6875
kl div 32606.794921875
perceptual 0.09599912166595459
total 346230.5625
reconstructuion 294843.8125
kl div 28835.96484375
perceptual 0.09524941444396973
total 323679.875
Epoch 4  Loss:323679.87259316444
Completed training with loss: 323679.87259316444; Time: 6.280332692464193
done fraction 0 out of 1
