started latent_dim 256
Epoch 0  Loss:1613861.0
Epoch 10  Loss:758499.125
Epoch 20  Loss:670103.75
Epoch 30  Loss:637872.625
Epoch 40  Loss:626033.25
Epoch 50  Loss:611513.875
Epoch 60  Loss:606850.5
Epoch 70  Loss:599050.0
Epoch 80  Loss:598013.0
Epoch 90  Loss:591222.625
Epoch 100  Loss:587388.5
Epoch 110  Loss:582338.625
/orfeo/cephfs/home/dssc/acesa000/Street_View_Generator/environment/lib/python3.10/site-packages/torch/optim/lr_scheduler.py:156: UserWarning: The epoch parameter in `scheduler.step()` was not necessary and is being deprecated where possible. Please use `scheduler.step()` to step the scheduler. During the deprecation, if epoch is different from None, the closed form is used instead of the new chainable form, where available. Please open an issue if you are unable to replicate your use case: https://github.com/pytorch/pytorch/issues/new/choose.
  warnings.warn(EPOCH_DEPRECATION_WARNING, UserWarning)
/orfeo/cephfs/home/dssc/acesa000/Street_View_Generator/environment/lib/python3.10/site-packages/torch/optim/lr_scheduler.py:156: UserWarning: The epoch parameter in `scheduler.step()` was not necessary and is being deprecated where possible. Please use `scheduler.step()` to step the scheduler. During the deprecation, if epoch is different from None, the closed form is used instead of the new chainable form, where available. Please open an issue if you are unable to replicate your use case: https://github.com/pytorch/pytorch/issues/new/choose.
  warnings.warn(EPOCH_DEPRECATION_WARNING, UserWarning)
Epoch 120  Loss:578505.125
Epoch 130  Loss:572666.125
Epoch 140  Loss:572849.75
Epoch 150  Loss:571572.25
Epoch 160  Loss:562065.875
Epoch 170  Loss:558772.0625
Epoch 180  Loss:555981.375
Epoch 190  Loss:554911.75
Epoch 200  Loss:551278.125
Epoch 210  Loss:551246.125
Epoch 220  Loss:547992.0
Epoch 230  Loss:549641.4375
Epoch 240  Loss:540126.8125
Epoch 250  Loss:539842.5625
Epoch 260  Loss:539778.0
Epoch 270  Loss:539236.75
Epoch 280  Loss:536533.125
Epoch 290  Loss:534166.4375
Epoch 300  Loss:530987.75
Epoch 310  Loss:530280.75
Epoch 320  Loss:528635.75
Epoch 330  Loss:527055.625
Epoch 340  Loss:526415.125
Epoch 349  Loss:525317.6875
Completed training with loss: 525317.6875; Time: 52.29590009053548
done latent_dim 256
done
